<?xml version="1.0" encoding="UTF-8"?>
<!-- Generated by org.testng.reporters.JUnitReportReporter -->
<testsuite hostname="DESKTOP-SLV0U55" name="com.temenos.testscripts.LoginTest" tests="1" failures="0" timestamp="15 Jan 2018 06:14:43 GMT" time="38.317" errors="0">
  <testcase name="TC_TCIB_LoginTest_001" time="38.317" classname="com.temenos.testscripts.LoginTest"/>
</testsuite> <!-- com.temenos.testscripts.LoginTest -->
