<?xml version="1.0" encoding="UTF-8"?>
<!-- Generated by org.testng.reporters.JUnitReportReporter -->
<testsuite hostname="Pavi-PC" name="com.temenos.testscripts.AccountPageTest" tests="5" failures="0" timestamp="9 Jan 2018 09:33:26 GMT" time="433.768" errors="0">
  <testcase name="TC_TCIB_AccountPage_004" time="84.258" classname="com.temenos.testscripts.AccountPageTest"/>
  <testcase name="TC_TCIB_AccountPage_002" time="99.467" classname="com.temenos.testscripts.AccountPageTest"/>
  <testcase name="TC_TCIB_AccountPage_001" time="65.371" classname="com.temenos.testscripts.AccountPageTest"/>
  <testcase name="TC_TCIB_AccountPage_005" time="106.448" classname="com.temenos.testscripts.AccountPageTest"/>
  <testcase name="TC_TCIB_AccountPage_003" time="78.224" classname="com.temenos.testscripts.AccountPageTest"/>
</testsuite> <!-- com.temenos.testscripts.AccountPageTest -->
