<?xml version="1.0" encoding="UTF-8"?>
<!-- Generated by org.testng.reporters.JUnitReportReporter -->
<testsuite hostname="Pavi-PC" name="com.temenos.testscripts.LoginTest" tests="1" failures="0" timestamp="10 Jan 2018 08:56:37 GMT" time="36.345" errors="0">
  <testcase name="verifyLogin" time="36.345" classname="com.temenos.testscripts.LoginTest"/>
</testsuite> <!-- com.temenos.testscripts.LoginTest -->
